c:\imagehandler\virustotalapi\debug\vc120.pdb
c:\imagehandler\virustotalapi\debug\vc120.idb
c:\imagehandler\virustotalapi\debug\vtapipage.obj
c:\imagehandler\virustotalapi\debug\vtcomments.obj
c:\imagehandler\virustotalapi\debug\vtdebug.obj
c:\imagehandler\virustotalapi\debug\vtdomain.obj
c:\imagehandler\virustotalapi\debug\vtfile.obj
c:\imagehandler\virustotalapi\debug\vtfiledist.obj
c:\imagehandler\virustotalapi\debug\vtipaddr.obj
c:\imagehandler\virustotalapi\debug\vtobject.obj
c:\imagehandler\virustotalapi\debug\vtresponse.obj
c:\imagehandler\virustotalapi\debug\vturl.obj
c:\imagehandler\virustotalapi\debug\vturldist.obj
c:\imagehandler\debug\virustotalapi.ilk
c:\imagehandler\debug\virustotalapi.dll
c:\imagehandler\debug\virustotalapi.pdb
c:\imagehandler\debug\virustotalapi.lib
c:\imagehandler\debug\virustotalapi.exp
c:\imagehandler\virustotalapi\debug\virustotalapi.tlog\cl.command.1.tlog
c:\imagehandler\virustotalapi\debug\virustotalapi.tlog\cl.read.1.tlog
c:\imagehandler\virustotalapi\debug\virustotalapi.tlog\cl.write.1.tlog
c:\imagehandler\virustotalapi\debug\virustotalapi.tlog\link.command.1.tlog
c:\imagehandler\virustotalapi\debug\virustotalapi.tlog\link.read.1.tlog
c:\imagehandler\virustotalapi\debug\virustotalapi.tlog\link.write.1.tlog
c:\imagehandler\virustotalapi\debug\virustotalapi.tlog\virustotalapi.write.1u.tlog
